[lotusgrill.de/es/index.html]
[cdnjs.cloudflare.com/ajax/libs/font-awesome/4.5.0/css/font-awesome.min.css]
[cdnjs.cloudflare.com/ajax/libs/modernizr/2.6.2/modernizr.min.js]
[ajax.googleapis.com/ajax/libs/jquery/1.7.2/jquery.min.js]
[backblue.gif]
[fade.gif]
[index.html]
[lotusgrill.de/fileadmin/user_content/slider1.jpg]
[lotusgrill.de/es/empresa/index.html]
[lotusgrill.de/es/concepto/index.html]
[lotusgrill.de/es/lotusgrill/index.html]
[lotusgrill.de/es/accesorios/index.html]
[lotusgrill.de/fileadmin/user_content/slider7.jpg]
[lotusgrill.de/es/vision/index.html]
[lotusgrill.de/es/contact/index.html]
[lotusgrill.de/fileadmin/user_content/slider2.jpg]
[lotusgrill.de/es/noticias/index.html]
[lotusgrill.de/fileadmin/user_content/slider3.jpg]
[lotusgrill.de/fileadmin/user_content/slider5.jpg]
[lotusgrill.de/fileadmin/user_content/Award_BBQ.png]
[lotusgrill.de/fileadmin/user_content/Award_reddot.png]
[lotusgrill.de/fileadmin/user_content/Award_design-plus.png]
[cdnjs.cloudflare.com/ajax/libs/jquery-cookie/1.3.1/jquery.cookie.min.js]
[cdnjs.cloudflare.com/ajax/libs/equalize.js/1.0.1/equalize.min.js]
[lotusgrill.de/es/contact/a-venta-al-por-mayor/index.html]
[lotusgrill.de/es/contact/imprint/index.html]
[lotusgrill.de/typo3temp/compressor/merged-d453dba75f62f37d27019156fc0d3f64-ff128ff086d70b986049032367585603e57d.js]
[www.google-analytics.com/analytics.js]
[lotusgrill.de/es/index.html]
[cdnjs.cloudflare.com/ajax/libs/font-awesome/4.5.0/css/font-awesome.min.css]
[lotusgrill.de/fileadmin/img/logos/main-logo_en.png]
[lotusgrill.de/fileadmin/img/logos/logotype_en.png]
[lotusgrill.de/fileadmin/img/logos/logo_en.png]
[lotusgrill.de/fileadmin/img/logos/main-logo_de.png]
[lotusgrill.de/fileadmin/img/logos/logotype_de.png]
[lotusgrill.de/fileadmin/img/logos/logo_de.png]
[lotusgrill.de/fileadmin/img/logos/main-logo_es.png]
[lotusgrill.de/fileadmin/img/logos/logotype_es.png]
[lotusgrill.de/fileadmin/img/logos/logo_es.png]
[lotusgrill.de/fileadmin/img/logos/main-logo_fr.png]
[lotusgrill.de/fileadmin/img/logos/logotype_fr.png]
[lotusgrill.de/fileadmin/img/logos/logo_fr.png]
[lotusgrill.de/fileadmin/img/separator01.png]
[lotusgrill.de/fileadmin/img/bg-body.gif]
[lotusgrill.de/fileadmin/img/bg-close.png]
[lotusgrill.de/fileadmin/img/arrows01.png]
[lotusgrill.de/fileadmin/img/fill01.png]
[lotusgrill.de/fileadmin/img/arrows02.png]
[lotusgrill.de/fileadmin/img/fill02.png]
[lotusgrill.de/fileadmin/img/fill03.png]
[lotusgrill.de/fileadmin/img/bg-btn01.png]
[lotusgrill.de/fileadmin/img/bg-select-r.png]
[lotusgrill.de/fileadmin/img/bg-hint.png]
[lotusgrill.de/fileadmin/img/bg-zoom.png]
[lotusgrill.de/fileadmin/img/bullet01.png]
[lotusgrill.de/fileadmin/img/right-bg.gif]
[lotusgrill.de/fileadmin/img/bg-download.png]
[lotusgrill.de/fileadmin/img/bg-close01.png]
[lotusgrill.de/fileadmin/img/fancy_nav_left.png]
[lotusgrill.de/fileadmin/img/fancy_nav_right.png]
[lotusgrill.de/fileadmin/img/separator02.png]
[lotusgrill.de/typo3temp/compressor/merged-07844349677e4997bd87f0a2076ad61d-b90eb056d05cbaafec86592f58ec6780e57d.css]
[lotusgrill.de/fileadmin/user_content/img03.jpg]
[lotusgrill.de/fileadmin/user_content/img04.jpg]
[lotusgrill.de/fileadmin/user_content/img05.jpg]
[lotusgrill.de/fileadmin/user_content/img06.jpg]
[lotusgrill.de/es/empresa/index.html]
[lotusgrill.de/fileadmin/user_content/img071.jpg]
[lotusgrill.de/es/concepto/index.html]
[lotusgrill.de/uploads/tx_lotuscontent/LG_G-AN-340.jpg]
[lotusgrill.de/typo3temp/_processed_/csm_LG_G-AN-340_6a17314610.jpg]
[lotusgrill.de/uploads/tx_lotuscontent/LG_G-GE-340.jpg]
[lotusgrill.de/typo3temp/_processed_/csm_LG_G-GE-340_db25fd90c9.jpg]
[lotusgrill.de/uploads/tx_lotuscontent/LG_G-GR-340.jpg]
[lotusgrill.de/typo3temp/_processed_/csm_LG_G-GR-340_f72dfd72e7.jpg]
[lotusgrill.de/uploads/tx_lotuscontent/LG_G-LI-340.jpg]
[lotusgrill.de/typo3temp/_processed_/csm_LG_G-LI-340_857f985d95.jpg]
[lotusgrill.de/uploads/tx_lotuscontent/LG_G-OR-340.jpg]
[lotusgrill.de/typo3temp/_processed_/csm_LG_G-OR-340_b2a13eb87e.jpg]
[lotusgrill.de/uploads/tx_lotuscontent/LG_G-RO-340.jpg]
[lotusgrill.de/typo3temp/_processed_/csm_LG_G-RO-340_f24e1561f0.jpg]
[lotusgrill.de/uploads/tx_lotuscontent/LG_G_WI_340_02_4c.jpg]
[lotusgrill.de/typo3temp/_processed_/csm_LG_G_WI_340_02_4c_2619a875c1.jpg]
[lotusgrill.de/uploads/tx_lotuscontent/Lotusgrill-Grillhaube1.jpg]
[lotusgrill.de/typo3temp/_processed_/csm_Lotusgrill-Grillhaube1_f196894821.jpg]
[lotusgrill.de/typo3temp/_processed_/csm_LG_G-AN-340_0394f8d1ec.jpg]
[lotusgrill.de/typo3temp/_processed_/csm_LG_G-GE-340_a3357fc2dd.jpg]
[lotusgrill.de/typo3temp/_processed_/csm_LG_G-GR-340_4f962db6bd.jpg]
[lotusgrill.de/typo3temp/_processed_/csm_LG_G-LI-340_03e26b7703.jpg]
[lotusgrill.de/typo3temp/_processed_/csm_LG_G-OR-340_1723f8a10b.jpg]
[lotusgrill.de/typo3temp/_processed_/csm_LG_G-RO-340_f70621f6f1.jpg]
[lotusgrill.de/typo3temp/_processed_/csm_LG_G_WI_340_02_4c_ab98387e00.jpg]
[lotusgrill.de/typo3temp/_processed_/csm_Lotusgrill-Grillhaube1_98951301b1.jpg]
[lotusgrill.de/fileadmin/img/ico06.png]
[lotusgrill.de/fileadmin/img/ico07.png]
[lotusgrill.de/uploads/tx_lotuscontent/LotusgrillXL-LG_G-AN-435.jpg]
[lotusgrill.de/typo3temp/_processed_/csm_LotusgrillXL-LG_G-AN-435_8b438dfab3.jpg]
[lotusgrill.de/uploads/tx_lotuscontent/LotusgrillXL-LG_G-TB-435.jpg]
[lotusgrill.de/typo3temp/_processed_/csm_LotusgrillXL-LG_G-TB-435_7318a4fcce.jpg]
[lotusgrill.de/uploads/tx_lotuscontent/LotusgrillXL-LG_G-GR-435.jpg]
[lotusgrill.de/typo3temp/_processed_/csm_LotusgrillXL-LG_G-GR-435_21b7b45e2c.jpg]
[lotusgrill.de/uploads/tx_lotuscontent/LotusgrillXL-LG_G-LI-435.jpg]
[lotusgrill.de/typo3temp/_processed_/csm_LotusgrillXL-LG_G-LI-435_0447ec5f5d.jpg]
[lotusgrill.de/uploads/tx_lotuscontent/LotusgrillXL-LG_G-OR-435.jpg]
[lotusgrill.de/typo3temp/_processed_/csm_LotusgrillXL-LG_G-OR-435_5f6cc1926e.jpg]
[lotusgrill.de/uploads/tx_lotuscontent/LotusgrillXL-LG_G-RO-435.jpg]
[lotusgrill.de/typo3temp/_processed_/csm_LotusgrillXL-LG_G-RO-435_9ed3523daf.jpg]
[lotusgrill.de/uploads/tx_lotuscontent/LotusgrillXL-Grillhaube.jpg]
[lotusgrill.de/typo3temp/_processed_/csm_LotusgrillXL-Grillhaube_3af550b3d6.jpg]
[lotusgrill.de/typo3temp/_processed_/csm_LotusgrillXL-LG_G-AN-435_40d59a1e0d.jpg]
[lotusgrill.de/typo3temp/_processed_/csm_LotusgrillXL-LG_G-TB-435_7d94a96645.jpg]
[lotusgrill.de/typo3temp/_processed_/csm_LotusgrillXL-LG_G-GR-435_2dcf252110.jpg]
[lotusgrill.de/typo3temp/_processed_/csm_LotusgrillXL-LG_G-LI-435_9d96d3f49a.jpg]
[lotusgrill.de/typo3temp/_processed_/csm_LotusgrillXL-LG_G-OR-435_8aa5117934.jpg]
[lotusgrill.de/typo3temp/_processed_/csm_LotusgrillXL-LG_G-RO-435_05c89762c2.jpg]
[lotusgrill.de/typo3temp/_processed_/csm_LotusgrillXL-Grillhaube_5d6551c529.jpg]
[lotusgrill.de/uploads/tx_lotuscontent/LotusgrillXXL-LG_G600_SKZ24_P1_ANTHRACITE.jpg]
[lotusgrill.de/typo3temp/_processed_/csm_LotusgrillXXL-LG_G600_SKZ24_P1_ANTHRACITE_f204e23106.jpg]
[lotusgrill.de/uploads/tx_lotuscontent/LotusgrillXXL-LG_G600_SKZ24_P1_BLUE.jpg]
[lotusgrill.de/typo3temp/_processed_/csm_LotusgrillXXL-LG_G600_SKZ24_P1_BLUE_016667b8c3.jpg]
[lotusgrill.de/uploads/tx_lotuscontent/LotusgrillXXL-LG_G600_SKZ24_P1_GREEN.jpg]
[lotusgrill.de/typo3temp/_processed_/csm_LotusgrillXXL-LG_G600_SKZ24_P1_GREEN_9a8fe14e13.jpg]
[lotusgrill.de/uploads/tx_lotuscontent/LotusgrillXXL-LG_G600_SKZ24_P1_ORANGE.jpg]
[lotusgrill.de/typo3temp/_processed_/csm_LotusgrillXXL-LG_G600_SKZ24_P1_ORANGE_38b1f1f1ff.jpg]
[lotusgrill.de/uploads/tx_lotuscontent/LotusgrillXXL-LG_G600_SKZ24_P1_PURPLE.jpg]
[lotusgrill.de/typo3temp/_processed_/csm_LotusgrillXXL-LG_G600_SKZ24_P1_PURPLE_7b20f8caa3.jpg]
[lotusgrill.de/uploads/tx_lotuscontent/LotusgrillXXL-LG_G600_SKZ24_P1_RED.jpg]
[lotusgrill.de/typo3temp/_processed_/csm_LotusgrillXXL-LG_G600_SKZ24_P1_RED_ec09fc2d69.jpg]
[lotusgrill.de/uploads/tx_lotuscontent/LotusgrillXXL-LG_G600_SKZ24_BLUE-EXPLO-v2.jpg]
[lotusgrill.de/typo3temp/_processed_/csm_LotusgrillXXL-LG_G600_SKZ24_BLUE-EXPLO-v2_d714125e38.jpg]
[lotusgrill.de/typo3temp/_processed_/csm_LotusgrillXXL-LG_G600_SKZ24_P1_ANTHRACITE_1c54d0f586.jpg]
[lotusgrill.de/typo3temp/_processed_/csm_LotusgrillXXL-LG_G600_SKZ24_P1_BLUE_079e0f294e.jpg]
[lotusgrill.de/typo3temp/_processed_/csm_LotusgrillXXL-LG_G600_SKZ24_P1_GREEN_57aa19d832.jpg]
[lotusgrill.de/typo3temp/_processed_/csm_LotusgrillXXL-LG_G600_SKZ24_P1_ORANGE_8045f51848.jpg]
[lotusgrill.de/typo3temp/_processed_/csm_LotusgrillXXL-LG_G600_SKZ24_P1_PURPLE_efffc9f998.jpg]
[lotusgrill.de/typo3temp/_processed_/csm_LotusgrillXXL-LG_G600_SKZ24_P1_RED_c4f6a30079.jpg]
[lotusgrill.de/typo3temp/_processed_/csm_LotusgrillXXL-LG_G600_SKZ24_BLUE-EXPLO-v2_07faa2929b.jpg]
[lotusgrill.de/uploads/tx_lotuscontent/Lotus_Fondue-1.jpg]
[lotusgrill.de/typo3temp/_processed_/csm_Lotus_Fondue-1_d061eb123c.jpg]
[lotusgrill.de/uploads/tx_lotuscontent/Lotus_Fondue-2.jpg]
[lotusgrill.de/typo3temp/_processed_/csm_Lotus_Fondue-2_dab408b8e6.jpg]
[lotusgrill.de/uploads/tx_lotuscontent/Lotus_Fondue-3.jpg]
[lotusgrill.de/typo3temp/_processed_/csm_Lotus_Fondue-3_1a4ff46482.jpg]
[lotusgrill.de/uploads/tx_lotuscontent/Lotus_Fondue-4.jpg]
[lotusgrill.de/typo3temp/_processed_/csm_Lotus_Fondue-4_d68e48ba35.jpg]
[lotusgrill.de/typo3temp/_processed_/csm_Lotus_Fondue-1_aa51cdd98a.jpg]
[lotusgrill.de/typo3temp/_processed_/csm_Lotus_Fondue-2_9863f264ff.jpg]
[lotusgrill.de/typo3temp/_processed_/csm_Lotus_Fondue-3_bb7eb57ac4.jpg]
[lotusgrill.de/typo3temp/_processed_/csm_Lotus_Fondue-4_c0982abe3b.jpg]
[lotusgrill.de/es/lotusgrill/index.html]
[lotusgrill.de/uploads/tx_lotuscontent/Grillhaube_1.jpg]
[lotusgrill.de/typo3temp/_processed_/csm_Grillhaube_1_b95156d077.jpg]
[lotusgrill.de/uploads/tx_lotuscontent/Grillhaube_2.jpg]
[lotusgrill.de/typo3temp/_processed_/csm_Grillhaube_2_46bd0ce72a.jpg]
[lotusgrill.de/uploads/tx_lotuscontent/TEPPANYAKIPLATTE.jpg]
[lotusgrill.de/typo3temp/_processed_/csm_TEPPANYAKIPLATTE_83ec66f8f4.jpg]
[lotusgrill.de/uploads/tx_lotuscontent/TEPPANYAKIPLATTE_2.jpg]
[lotusgrill.de/typo3temp/_processed_/csm_TEPPANYAKIPLATTE_2_8f1063ec0a.jpg]
[lotusgrill.de/uploads/tx_lotuscontent/Pizzastein-Set.jpg]
[lotusgrill.de/typo3temp/_processed_/csm_Pizzastein-Set_a4ead1cc97.jpg]
[lotusgrill.de/uploads/tx_lotuscontent/Pizzastein-Set-XL.jpg]
[lotusgrill.de/typo3temp/_processed_/csm_Pizzastein-Set-XL_f746e633ce.jpg]
[lotusgrill.de/uploads/tx_lotuscontent/Lotusgrill-Grillhaube4.jpg]
[lotusgrill.de/typo3temp/_processed_/csm_Lotusgrill-Grillhaube4_032720054e.jpg]
[lotusgrill.de/typo3temp/_processed_/csm_Lotusgrill-Grillhaube1_241715981c.jpg]
[lotusgrill.de/uploads/tx_lotuscontent/Brennpaste-15.jpg]
[lotusgrill.de/typo3temp/_processed_/csm_Brennpaste-15_bd02c1b29e.jpg]
[lotusgrill.de/uploads/tx_lotuscontent/Buchenholzkohle-1kg.jpg]
[lotusgrill.de/typo3temp/_processed_/csm_Buchenholzkohle-1kg_25a6a04d71.jpg]
[lotusgrill.de/uploads/tx_lotuscontent/Buchenholzkohle-2halb-kg.jpg]
[lotusgrill.de/typo3temp/_processed_/csm_Buchenholzkohle-2halb-kg_a6aa2d35b1.jpg]
[lotusgrill.de/uploads/tx_lotuscontent/Buchenholzkohle-Karton.jpg]
[lotusgrill.de/typo3temp/_processed_/csm_Buchenholzkohle-Karton_8607347eef.jpg]
[lotusgrill.de/uploads/tx_lotuscontent/Frischhalteschuessel.jpg]
[lotusgrill.de/typo3temp/_processed_/csm_Frischhalteschuessel_35b2d43f1d.jpg]
[lotusgrill.de/uploads/tx_lotuscontent/Grillbeutel.jpg]
[lotusgrill.de/typo3temp/_processed_/csm_Grillbeutel_5992748093.jpg]
[lotusgrill.de/uploads/tx_lotuscontent/Grillreiniger-en.jpg]
[lotusgrill.de/typo3temp/_processed_/csm_Grillreiniger-en_f0e69604bd.jpg]
[lotusgrill.de/uploads/tx_lotuscontent/Topflappen-an.jpg]
[lotusgrill.de/typo3temp/_processed_/csm_Topflappen-an_d5e08f15d0.jpg]
[lotusgrill.de/uploads/tx_lotuscontent/Topflappen-ge.jpg]
[lotusgrill.de/typo3temp/_processed_/csm_Topflappen-ge_e1d0413ab0.jpg]
[lotusgrill.de/uploads/tx_lotuscontent/Topflappen-gr.jpg]
[lotusgrill.de/typo3temp/_processed_/csm_Topflappen-gr_6652ba1bc3.jpg]
[lotusgrill.de/uploads/tx_lotuscontent/Topflappen-li.jpg]
[lotusgrill.de/typo3temp/_processed_/csm_Topflappen-li_932f15e2fc.jpg]
[lotusgrill.de/uploads/tx_lotuscontent/Topflappen-or.jpg]
[lotusgrill.de/typo3temp/_processed_/csm_Topflappen-or_2c4f9f9272.jpg]
[lotusgrill.de/uploads/tx_lotuscontent/Topflappen-ro.jpg]
[lotusgrill.de/typo3temp/_processed_/csm_Topflappen-ro_088d89cc54.jpg]
[lotusgrill.de/uploads/tx_lotuscontent/Topflappen_r_bl.jpg]
[lotusgrill.de/typo3temp/_processed_/csm_Topflappen_r_bl_3e30943006.jpg]
[lotusgrill.de/uploads/tx_lotuscontent/Topflappen-e-an.jpg]
[lotusgrill.de/typo3temp/_processed_/csm_Topflappen-e-an_b6b7a0a9c6.jpg]
[lotusgrill.de/uploads/tx_lotuscontent/Topflappen-e-ge.jpg]
[lotusgrill.de/typo3temp/_processed_/csm_Topflappen-e-ge_cac9b2cb49.jpg]
[lotusgrill.de/uploads/tx_lotuscontent/Topflappen-e-gr.jpg]
[lotusgrill.de/typo3temp/_processed_/csm_Topflappen-e-gr_55822fd920.jpg]
[lotusgrill.de/uploads/tx_lotuscontent/Topflappen-e-li.jpg]
[lotusgrill.de/typo3temp/_processed_/csm_Topflappen-e-li_815676349b.jpg]
[lotusgrill.de/uploads/tx_lotuscontent/Topflappen-e-or.jpg]
[lotusgrill.de/typo3temp/_processed_/csm_Topflappen-e-or_87edbd71c9.jpg]
[lotusgrill.de/uploads/tx_lotuscontent/Topflappen-e-ro.jpg]
[lotusgrill.de/typo3temp/_processed_/csm_Topflappen-e-ro_57fe329817.jpg]
[lotusgrill.de/uploads/tx_lotuscontent/Topflappen-e-bl.jpg]
[lotusgrill.de/typo3temp/_processed_/csm_Topflappen-e-bl_8e45b10c2c.jpg]
[lotusgrill.de/uploads/tx_lotuscontent/LG_GZ_AN_33_01x.jpg]
[lotusgrill.de/typo3temp/_processed_/csm_LG_GZ_AN_33_01x_45c8be428b.jpg]
[lotusgrill.de/uploads/tx_lotuscontent/LG_GZ_GE_33_01x.jpg]
[lotusgrill.de/typo3temp/_processed_/csm_LG_GZ_GE_33_01x_d0d6091d0d.jpg]
[lotusgrill.de/uploads/tx_lotuscontent/LG_GZ_GR_33_01x.jpg]
[lotusgrill.de/typo3temp/_processed_/csm_LG_GZ_GR_33_01x_18401e54df.jpg]
[lotusgrill.de/uploads/tx_lotuscontent/LG_GZ_LI_33_01x.jpg]
[lotusgrill.de/typo3temp/_processed_/csm_LG_GZ_LI_33_01x_f9aed7d141.jpg]
[lotusgrill.de/uploads/tx_lotuscontent/LG_GZ_OR_33_01x.jpg]
[lotusgrill.de/typo3temp/_processed_/csm_LG_GZ_OR_33_01x_c2c22dcaa2.jpg]
[lotusgrill.de/uploads/tx_lotuscontent/LG_GZ_RO_33_01x.jpg]
[lotusgrill.de/typo3temp/_processed_/csm_LG_GZ_RO_33_01x_ae988e2d97.jpg]
[lotusgrill.de/uploads/tx_lotuscontent/BBQ_Tong_bl.jpg]
[lotusgrill.de/typo3temp/_processed_/csm_BBQ_Tong_bl_f926770ee3.jpg]
[lotusgrill.de/uploads/tx_lotuscontent/Pinsel-LG_P_AN_22.jpg]
[lotusgrill.de/typo3temp/_processed_/csm_Pinsel-LG_P_AN_22_6e7290ff92.jpg]
[lotusgrill.de/uploads/tx_lotuscontent/Pinsel-LG_P_GE_22.jpg]
[lotusgrill.de/typo3temp/_processed_/csm_Pinsel-LG_P_GE_22_aacd6d688e.jpg]
[lotusgrill.de/uploads/tx_lotuscontent/Pinsel-LG_P_GR_22.jpg]
[lotusgrill.de/typo3temp/_processed_/csm_Pinsel-LG_P_GR_22_f07eaae1bf.jpg]
[lotusgrill.de/uploads/tx_lotuscontent/Pinsel-LG_P_RO_22.jpg]
[lotusgrill.de/typo3temp/_processed_/csm_Pinsel-LG_P_RO_22_fa35da83b6.jpg]
[lotusgrill.de/uploads/tx_lotuscontent/PinselLG_P_LI_22.jpg]
[lotusgrill.de/typo3temp/_processed_/csm_PinselLG_P_LI_22_79e854d8cd.jpg]
[lotusgrill.de/uploads/tx_lotuscontent/PinselLG_P_OR_22.jpg]
[lotusgrill.de/typo3temp/_processed_/csm_PinselLG_P_OR_22_f9d64074f4.jpg]
[lotusgrill.de/uploads/tx_lotuscontent/Pinsel-LG_blau.jpg]
[lotusgrill.de/typo3temp/_processed_/csm_Pinsel-LG_blau_761e8b847a.jpg]
[lotusgrill.de/uploads/tx_lotuscontent/Tragetasche.jpg]
[lotusgrill.de/typo3temp/_processed_/csm_Tragetasche_c978ddd591.jpg]
[lotusgrill.de/uploads/tx_lotuscontent/TragetascheXL.jpg]
[lotusgrill.de/typo3temp/_processed_/csm_TragetascheXL_a801019a43.jpg]
[lotusgrill.de/uploads/tx_lotuscontent/Innenschuessel.jpg]
[lotusgrill.de/typo3temp/_processed_/csm_Innenschuessel_fc53b69ae8.jpg]
[lotusgrill.de/uploads/tx_lotuscontent/Innenschuessel-XL.jpg]
[lotusgrill.de/typo3temp/_processed_/csm_Innenschuessel-XL_ff07e8eff1.jpg]
[lotusgrill.de/uploads/tx_lotuscontent/Grillrost.jpg]
[lotusgrill.de/typo3temp/_processed_/csm_Grillrost_221beb26a6.jpg]
[lotusgrill.de/uploads/tx_lotuscontent/Grillrost-XL.jpg]
[lotusgrill.de/uploads/tx_lotuscontent/Ignitionplatte.jpg]
[lotusgrill.de/typo3temp/_processed_/csm_Ignitionplatte_dcc02aaf30.jpg]
[lotusgrill.de/typo3temp/_processed_/csm_Ignitionplatte-XL_00c28a95e1.jpg]
[lotusgrill.de/es/accesorios/index.html]
[lotusgrill.de/fileadmin/user_content/Lotusgrill_xxl.jpg]
[lotusgrill.de/es/vision/index.html]
[lotusgrill.de/es/contact/index.html]
[lotusgrill.de/es/noticias/index.html]
[lotusgrill.de/es/encuentre-un-distribuidor/index.html]
[lotusgrill.de/fileadmin/user_content/slider1.jpg]
[lotusgrill.de/fileadmin/user_content/slider7.jpg]
[cdnjs.cloudflare.com/ajax/libs/gmaps.js/0.4.5/gmaps.min.js]
[lotusgrill.de/fileadmin/user_content/slider2.jpg]
[lotusgrill.de/fileadmin/user_content/slider3.jpg]
[lotusgrill.de/fileadmin/user_content/slider5.jpg]
[lotusgrill.de/fileadmin/user_content/Grosshandel.jpg]
[lotusgrill.de/es/contact/a-venta-al-por-mayor/index.html]
[lotusgrill.de/fileadmin/user_content/Impressum.jpg]
[lotusgrill.de/es/contact/imprint/index.html]
[lotusgrill.de/typo3temp/compressor/merged-d453dba75f62f37d27019156fc0d3f64-ff128ff086d70b986049032367585603e57d.js]
[lotusgrill.de/fileadmin/user_content/img03.jpg]
[lotusgrill.de/fileadmin/user_content/img071.jpg]
[lotusgrill.de/uploads/tx_lotuscontent/LG_G-AN-340.jpg]
[lotusgrill.de/typo3temp/_processed_/csm_LG_G-AN-340_6a17314610.jpg]
[lotusgrill.de/uploads/tx_lotuscontent/LG_G-GE-340.jpg]
[lotusgrill.de/typo3temp/_processed_/csm_LG_G-GE-340_db25fd90c9.jpg]
[lotusgrill.de/uploads/tx_lotuscontent/LG_G-GR-340.jpg]
[lotusgrill.de/typo3temp/_processed_/csm_LG_G-GR-340_f72dfd72e7.jpg]
[lotusgrill.de/uploads/tx_lotuscontent/LG_G-LI-340.jpg]
[lotusgrill.de/typo3temp/_processed_/csm_LG_G-LI-340_857f985d95.jpg]
[lotusgrill.de/uploads/tx_lotuscontent/LG_G-OR-340.jpg]
[lotusgrill.de/typo3temp/_processed_/csm_LG_G-OR-340_b2a13eb87e.jpg]
[lotusgrill.de/uploads/tx_lotuscontent/LG_G-RO-340.jpg]
[lotusgrill.de/typo3temp/_processed_/csm_LG_G-RO-340_f24e1561f0.jpg]
[lotusgrill.de/uploads/tx_lotuscontent/LG_G_WI_340_02_4c.jpg]
[lotusgrill.de/typo3temp/_processed_/csm_LG_G_WI_340_02_4c_2619a875c1.jpg]
[lotusgrill.de/uploads/tx_lotuscontent/Lotusgrill-Grillhaube1.jpg]
[lotusgrill.de/typo3temp/_processed_/csm_Lotusgrill-Grillhaube1_f196894821.jpg]
[lotusgrill.de/uploads/tx_lotuscontent/LotusgrillXL-LG_G-AN-435.jpg]
[lotusgrill.de/typo3temp/_processed_/csm_LotusgrillXL-LG_G-AN-435_8b438dfab3.jpg]
[lotusgrill.de/uploads/tx_lotuscontent/LotusgrillXL-LG_G-TB-435.jpg]
[lotusgrill.de/typo3temp/_processed_/csm_LotusgrillXL-LG_G-TB-435_7318a4fcce.jpg]
[lotusgrill.de/uploads/tx_lotuscontent/LotusgrillXL-LG_G-GR-435.jpg]
[lotusgrill.de/typo3temp/_processed_/csm_LotusgrillXL-LG_G-GR-435_21b7b45e2c.jpg]
[lotusgrill.de/uploads/tx_lotuscontent/LotusgrillXL-LG_G-LI-435.jpg]
[lotusgrill.de/uploads/tx_lotuscontent/LotusgrillXL-LG_G-OR-435.jpg]
[lotusgrill.de/typo3temp/_processed_/csm_LotusgrillXL-LG_G-LI-435_0447ec5f5d.jpg]
[lotusgrill.de/typo3temp/_processed_/csm_LotusgrillXL-LG_G-OR-435_5f6cc1926e.jpg]
[lotusgrill.de/uploads/tx_lotuscontent/LotusgrillXL-LG_G-RO-435.jpg]
[lotusgrill.de/typo3temp/_processed_/csm_LotusgrillXL-LG_G-RO-435_9ed3523daf.jpg]
[lotusgrill.de/uploads/tx_lotuscontent/LotusgrillXL-Grillhaube.jpg]
[lotusgrill.de/typo3temp/_processed_/csm_LotusgrillXL-Grillhaube_3af550b3d6.jpg]
[lotusgrill.de/uploads/tx_lotuscontent/LotusgrillXXL-LG_G600_SKZ24_P1_ANTHRACITE.jpg]
[lotusgrill.de/typo3temp/_processed_/csm_LotusgrillXXL-LG_G600_SKZ24_P1_ANTHRACITE_f204e23106.jpg]
[lotusgrill.de/uploads/tx_lotuscontent/LotusgrillXXL-LG_G600_SKZ24_P1_BLUE.jpg]
[lotusgrill.de/typo3temp/_processed_/csm_LotusgrillXXL-LG_G600_SKZ24_P1_BLUE_016667b8c3.jpg]
[lotusgrill.de/uploads/tx_lotuscontent/LotusgrillXXL-LG_G600_SKZ24_P1_GREEN.jpg]
[lotusgrill.de/typo3temp/_processed_/csm_LotusgrillXXL-LG_G600_SKZ24_P1_GREEN_9a8fe14e13.jpg]
[lotusgrill.de/uploads/tx_lotuscontent/LotusgrillXXL-LG_G600_SKZ24_P1_ORANGE.jpg]
[lotusgrill.de/typo3temp/_processed_/csm_LotusgrillXXL-LG_G600_SKZ24_P1_ORANGE_38b1f1f1ff.jpg]
[lotusgrill.de/uploads/tx_lotuscontent/LotusgrillXXL-LG_G600_SKZ24_P1_PURPLE.jpg]
[lotusgrill.de/typo3temp/_processed_/csm_LotusgrillXXL-LG_G600_SKZ24_P1_PURPLE_7b20f8caa3.jpg]
[lotusgrill.de/uploads/tx_lotuscontent/LotusgrillXXL-LG_G600_SKZ24_P1_RED.jpg]
[lotusgrill.de/typo3temp/_processed_/csm_LotusgrillXXL-LG_G600_SKZ24_P1_RED_ec09fc2d69.jpg]
[lotusgrill.de/uploads/tx_lotuscontent/LotusgrillXXL-LG_G600_SKZ24_BLUE-EXPLO-v2.jpg]
[lotusgrill.de/typo3temp/_processed_/csm_LotusgrillXXL-LG_G600_SKZ24_BLUE-EXPLO-v2_d714125e38.jpg]
[lotusgrill.de/uploads/tx_lotuscontent/Lotus_Fondue-1.jpg]
[lotusgrill.de/typo3temp/_processed_/csm_Lotus_Fondue-1_d061eb123c.jpg]
[lotusgrill.de/uploads/tx_lotuscontent/Lotus_Fondue-2.jpg]
[lotusgrill.de/typo3temp/_processed_/csm_Lotus_Fondue-2_dab408b8e6.jpg]
[lotusgrill.de/uploads/tx_lotuscontent/Lotus_Fondue-3.jpg]
[lotusgrill.de/typo3temp/_processed_/csm_Lotus_Fondue-3_1a4ff46482.jpg]
[lotusgrill.de/uploads/tx_lotuscontent/Lotus_Fondue-4.jpg]
[lotusgrill.de/typo3temp/_processed_/csm_Lotus_Fondue-4_d68e48ba35.jpg]
[lotusgrill.de/uploads/tx_lotuscontent/Grillhaube_1.jpg]
[lotusgrill.de/uploads/tx_lotuscontent/Grillhaube_2.jpg]
[lotusgrill.de/typo3temp/_processed_/csm_Grillhaube_2_46bd0ce72a.jpg]
[lotusgrill.de/uploads/tx_lotuscontent/TEPPANYAKIPLATTE.jpg]
[lotusgrill.de/typo3temp/_processed_/csm_TEPPANYAKIPLATTE_83ec66f8f4.jpg]
[lotusgrill.de/uploads/tx_lotuscontent/TEPPANYAKIPLATTE_2.jpg]
[lotusgrill.de/uploads/tx_lotuscontent/Pizzastein-Set.jpg]
[lotusgrill.de/uploads/tx_lotuscontent/Pizzastein-Set-XL.jpg]
[lotusgrill.de/uploads/tx_lotuscontent/Lotusgrill-Grillhaube4.jpg]
[lotusgrill.de/uploads/tx_lotuscontent/Brennpaste-15.jpg]
[lotusgrill.de/uploads/tx_lotuscontent/Buchenholzkohle-1kg.jpg]
[lotusgrill.de/typo3temp/_processed_/csm_Buchenholzkohle-1kg_25a6a04d71.jpg]
[lotusgrill.de/uploads/tx_lotuscontent/Buchenholzkohle-2halb-kg.jpg]
[lotusgrill.de/typo3temp/_processed_/csm_Buchenholzkohle-2halb-kg_a6aa2d35b1.jpg]
[lotusgrill.de/uploads/tx_lotuscontent/Buchenholzkohle-Karton.jpg]
[lotusgrill.de/typo3temp/_processed_/csm_Buchenholzkohle-Karton_8607347eef.jpg]
[lotusgrill.de/uploads/tx_lotuscontent/Frischhalteschuessel.jpg]
[lotusgrill.de/uploads/tx_lotuscontent/Grillbeutel.jpg]
[lotusgrill.de/typo3temp/_processed_/csm_Grillbeutel_5992748093.jpg]
[lotusgrill.de/uploads/tx_lotuscontent/Grillreiniger-en.jpg]
[lotusgrill.de/uploads/tx_lotuscontent/Topflappen-an.jpg]
[lotusgrill.de/typo3temp/_processed_/csm_Topflappen-an_d5e08f15d0.jpg]
[lotusgrill.de/uploads/tx_lotuscontent/Topflappen-ge.jpg]
[lotusgrill.de/typo3temp/_processed_/csm_Topflappen-ge_e1d0413ab0.jpg]
[lotusgrill.de/uploads/tx_lotuscontent/Topflappen-gr.jpg]
[lotusgrill.de/typo3temp/_processed_/csm_Topflappen-gr_6652ba1bc3.jpg]
[lotusgrill.de/uploads/tx_lotuscontent/Topflappen-li.jpg]
[lotusgrill.de/typo3temp/_processed_/csm_Topflappen-li_932f15e2fc.jpg]
[lotusgrill.de/uploads/tx_lotuscontent/Topflappen-or.jpg]
[lotusgrill.de/typo3temp/_processed_/csm_Topflappen-or_2c4f9f9272.jpg]
[lotusgrill.de/uploads/tx_lotuscontent/Topflappen-ro.jpg]
[lotusgrill.de/typo3temp/_processed_/csm_Topflappen-ro_088d89cc54.jpg]
[lotusgrill.de/uploads/tx_lotuscontent/Topflappen_r_bl.jpg]
[lotusgrill.de/uploads/tx_lotuscontent/Topflappen-e-an.jpg]
[lotusgrill.de/typo3temp/_processed_/csm_Topflappen_r_bl_3e30943006.jpg]
[lotusgrill.de/typo3temp/_processed_/csm_Topflappen-e-an_b6b7a0a9c6.jpg]
[lotusgrill.de/uploads/tx_lotuscontent/Topflappen-e-ge.jpg]
[lotusgrill.de/typo3temp/_processed_/csm_Topflappen-e-ge_cac9b2cb49.jpg]
[lotusgrill.de/uploads/tx_lotuscontent/Topflappen-e-gr.jpg]
[lotusgrill.de/typo3temp/_processed_/csm_Topflappen-e-gr_55822fd920.jpg]
[lotusgrill.de/uploads/tx_lotuscontent/Topflappen-e-li.jpg]
[lotusgrill.de/typo3temp/_processed_/csm_Topflappen-e-li_815676349b.jpg]
[lotusgrill.de/uploads/tx_lotuscontent/Topflappen-e-or.jpg]
[lotusgrill.de/typo3temp/_processed_/csm_Topflappen-e-or_87edbd71c9.jpg]
[lotusgrill.de/uploads/tx_lotuscontent/Topflappen-e-ro.jpg]
[lotusgrill.de/typo3temp/_processed_/csm_Topflappen-e-ro_57fe329817.jpg]
[lotusgrill.de/uploads/tx_lotuscontent/Topflappen-e-bl.jpg]
[lotusgrill.de/typo3temp/_processed_/csm_Topflappen-e-bl_8e45b10c2c.jpg]
[lotusgrill.de/uploads/tx_lotuscontent/LG_GZ_AN_33_01x.jpg]
[lotusgrill.de/uploads/tx_lotuscontent/LG_GZ_GE_33_01x.jpg]
[lotusgrill.de/uploads/tx_lotuscontent/LG_GZ_GR_33_01x.jpg]
[lotusgrill.de/uploads/tx_lotuscontent/LG_GZ_LI_33_01x.jpg]
[lotusgrill.de/uploads/tx_lotuscontent/LG_GZ_OR_33_01x.jpg]
[lotusgrill.de/uploads/tx_lotuscontent/BBQ_Tong_bl.jpg]
[lotusgrill.de/uploads/tx_lotuscontent/LG_GZ_RO_33_01x.jpg]
[lotusgrill.de/uploads/tx_lotuscontent/Pinsel-LG_P_AN_22.jpg]
[lotusgrill.de/uploads/tx_lotuscontent/Pinsel-LG_P_GE_22.jpg]
[lotusgrill.de/uploads/tx_lotuscontent/Pinsel-LG_P_GR_22.jpg]
[lotusgrill.de/uploads/tx_lotuscontent/Pinsel-LG_P_RO_22.jpg]
[lotusgrill.de/uploads/tx_lotuscontent/PinselLG_P_LI_22.jpg]
[lotusgrill.de/uploads/tx_lotuscontent/PinselLG_P_OR_22.jpg]
[lotusgrill.de/uploads/tx_lotuscontent/Pinsel-LG_blau.jpg]
[lotusgrill.de/uploads/tx_lotuscontent/Tragetasche.jpg]
[lotusgrill.de/uploads/tx_lotuscontent/TragetascheXL.jpg]
[lotusgrill.de/uploads/tx_lotuscontent/Innenschuessel.jpg]
[lotusgrill.de/uploads/tx_lotuscontent/Grillrost-XL.jpg]
[lotusgrill.de/uploads/tx_lotuscontent/Innenschuessel-XL.jpg]
[lotusgrill.de/uploads/tx_lotuscontent/Grillrost.jpg]
[lotusgrill.de/typo3temp/_processed_/csm_Grillrost-XL_4bcd29d636.jpg]
[lotusgrill.de/uploads/tx_lotuscontent/Ignitionplatte-XL.jpg]
[lotusgrill.de/fileadmin/user_content/Lotusgrill_xxl.jpg]
[lotusgrill.de/fileadmin/user_content/slider1.jpg]
[lotusgrill.de/fileadmin/user_content/slider7.jpg]
[lotusgrill.de/fileadmin/user_content/slider2.jpg]
[lotusgrill.de/fileadmin/user_content/slider3.jpg]
[lotusgrill.de/fileadmin/user_content/slider5.jpg]
[lotusgrill.de/fileadmin/user_content/Grosshandel.jpg]
[lotusgrill.de/fileadmin/user_content/Impressum.jpg]
[lotusgrill.de/typo3temp/compressor/merged-d453dba75f62f37d27019156fc0d3f64-ff128ff086d70b986049032367585603e57d.js]
[lotusgrill.de/fileadmin/user_content/img03.jpg]
[lotusgrill.de/fileadmin/user_content/img071.jpg]
[lotusgrill.de/uploads/tx_lotuscontent/LG_G-AN-340.jpg]
[lotusgrill.de/typo3temp/_processed_/csm_LG_G-AN-340_6a17314610.jpg]
[lotusgrill.de/uploads/tx_lotuscontent/LG_G-GE-340.jpg]
[lotusgrill.de/typo3temp/_processed_/csm_LG_G-GE-340_db25fd90c9.jpg]
[lotusgrill.de/uploads/tx_lotuscontent/LG_G-GR-340.jpg]
[lotusgrill.de/typo3temp/_processed_/csm_LG_G-GR-340_f72dfd72e7.jpg]
[lotusgrill.de/typo3temp/_processed_/csm_LG_G-LI-340_857f985d95.jpg]
[lotusgrill.de/uploads/tx_lotuscontent/LG_G-LI-340.jpg]
[lotusgrill.de/uploads/tx_lotuscontent/LG_G-OR-340.jpg]
[lotusgrill.de/typo3temp/_processed_/csm_LG_G-OR-340_b2a13eb87e.jpg]
[lotusgrill.de/uploads/tx_lotuscontent/LG_G-RO-340.jpg]
[lotusgrill.de/typo3temp/_processed_/csm_LG_G-RO-340_f24e1561f0.jpg]
[lotusgrill.de/uploads/tx_lotuscontent/LG_G_WI_340_02_4c.jpg]
[lotusgrill.de/typo3temp/_processed_/csm_LG_G_WI_340_02_4c_2619a875c1.jpg]
[lotusgrill.de/uploads/tx_lotuscontent/Lotusgrill-Grillhaube1.jpg]
[lotusgrill.de/typo3temp/_processed_/csm_Lotusgrill-Grillhaube1_f196894821.jpg]
[lotusgrill.de/uploads/tx_lotuscontent/LotusgrillXL-LG_G-AN-435.jpg]
[lotusgrill.de/typo3temp/_processed_/csm_LotusgrillXL-LG_G-AN-435_8b438dfab3.jpg]
[lotusgrill.de/uploads/tx_lotuscontent/LotusgrillXL-LG_G-TB-435.jpg]
[lotusgrill.de/typo3temp/_processed_/csm_LotusgrillXL-LG_G-TB-435_7318a4fcce.jpg]
[lotusgrill.de/uploads/tx_lotuscontent/LotusgrillXL-LG_G-GR-435.jpg]
[lotusgrill.de/typo3temp/_processed_/csm_LotusgrillXL-LG_G-GR-435_21b7b45e2c.jpg]
[lotusgrill.de/uploads/tx_lotuscontent/LotusgrillXL-LG_G-LI-435.jpg]
[lotusgrill.de/typo3temp/_processed_/csm_LotusgrillXL-LG_G-LI-435_0447ec5f5d.jpg]
[lotusgrill.de/uploads/tx_lotuscontent/LotusgrillXL-LG_G-OR-435.jpg]
[lotusgrill.de/typo3temp/_processed_/csm_LotusgrillXL-LG_G-OR-435_5f6cc1926e.jpg]
[lotusgrill.de/uploads/tx_lotuscontent/LotusgrillXL-LG_G-RO-435.jpg]
[lotusgrill.de/typo3temp/_processed_/csm_LotusgrillXL-LG_G-RO-435_9ed3523daf.jpg]
[lotusgrill.de/uploads/tx_lotuscontent/LotusgrillXL-Grillhaube.jpg]
[lotusgrill.de/typo3temp/_processed_/csm_LotusgrillXL-Grillhaube_3af550b3d6.jpg]
[lotusgrill.de/uploads/tx_lotuscontent/LotusgrillXXL-LG_G600_SKZ24_P1_ANTHRACITE.jpg]
[lotusgrill.de/typo3temp/_processed_/csm_LotusgrillXXL-LG_G600_SKZ24_P1_ANTHRACITE_f204e23106.jpg]
[lotusgrill.de/uploads/tx_lotuscontent/LotusgrillXXL-LG_G600_SKZ24_P1_BLUE.jpg]
[lotusgrill.de/uploads/tx_lotuscontent/LotusgrillXXL-LG_G600_SKZ24_P1_GREEN.jpg]
[lotusgrill.de/typo3temp/_processed_/csm_LotusgrillXXL-LG_G600_SKZ24_P1_BLUE_016667b8c3.jpg]
[lotusgrill.de/typo3temp/_processed_/csm_LotusgrillXXL-LG_G600_SKZ24_P1_GREEN_9a8fe14e13.jpg]
[lotusgrill.de/uploads/tx_lotuscontent/LotusgrillXXL-LG_G600_SKZ24_P1_ORANGE.jpg]
[lotusgrill.de/uploads/tx_lotuscontent/LotusgrillXXL-LG_G600_SKZ24_P1_PURPLE.jpg]
[lotusgrill.de/typo3temp/_processed_/csm_LotusgrillXXL-LG_G600_SKZ24_P1_ORANGE_38b1f1f1ff.jpg]
[lotusgrill.de/typo3temp/_processed_/csm_LotusgrillXXL-LG_G600_SKZ24_P1_PURPLE_7b20f8caa3.jpg]
[lotusgrill.de/uploads/tx_lotuscontent/LotusgrillXXL-LG_G600_SKZ24_P1_RED.jpg]
[lotusgrill.de/typo3temp/_processed_/csm_LotusgrillXXL-LG_G600_SKZ24_P1_RED_ec09fc2d69.jpg]
[lotusgrill.de/uploads/tx_lotuscontent/LotusgrillXXL-LG_G600_SKZ24_BLUE-EXPLO-v2.jpg]
[lotusgrill.de/typo3temp/_processed_/csm_LotusgrillXXL-LG_G600_SKZ24_BLUE-EXPLO-v2_d714125e38.jpg]
[lotusgrill.de/uploads/tx_lotuscontent/Lotus_Fondue-2.jpg]
[lotusgrill.de/uploads/tx_lotuscontent/Lotus_Fondue-1.jpg]
[lotusgrill.de/typo3temp/_processed_/csm_Lotus_Fondue-1_d061eb123c.jpg]
[lotusgrill.de/typo3temp/_processed_/csm_Lotus_Fondue-2_dab408b8e6.jpg]
[lotusgrill.de/typo3temp/_processed_/csm_Lotus_Fondue-3_1a4ff46482.jpg]
[lotusgrill.de/uploads/tx_lotuscontent/Lotus_Fondue-4.jpg]
[lotusgrill.de/typo3temp/_processed_/csm_Lotus_Fondue-4_d68e48ba35.jpg]
[lotusgrill.de/uploads/tx_lotuscontent/Lotus_Fondue-3.jpg]
[lotusgrill.de/uploads/tx_lotuscontent/Grillhaube_2.jpg]
[lotusgrill.de/uploads/tx_lotuscontent/TEPPANYAKIPLATTE.jpg]
[lotusgrill.de/uploads/tx_lotuscontent/TEPPANYAKIPLATTE_2.jpg]
[lotusgrill.de/uploads/tx_lotuscontent/Pizzastein-Set.jpg]
[lotusgrill.de/uploads/tx_lotuscontent/Pizzastein-Set-XL.jpg]
[lotusgrill.de/uploads/tx_lotuscontent/Brennpaste-15.jpg]
[lotusgrill.de/uploads/tx_lotuscontent/Buchenholzkohle-1kg.jpg]
[lotusgrill.de/uploads/tx_lotuscontent/Buchenholzkohle-2halb-kg.jpg]
[lotusgrill.de/uploads/tx_lotuscontent/Buchenholzkohle-Karton.jpg]
[lotusgrill.de/uploads/tx_lotuscontent/Frischhalteschuessel.jpg]
[lotusgrill.de/uploads/tx_lotuscontent/Grillbeutel.jpg]
[lotusgrill.de/uploads/tx_lotuscontent/Grillreiniger-en.jpg]
[lotusgrill.de/uploads/tx_lotuscontent/Topflappen-ge.jpg]
[lotusgrill.de/uploads/tx_lotuscontent/Topflappen-an.jpg]
[lotusgrill.de/uploads/tx_lotuscontent/Topflappen-gr.jpg]
[lotusgrill.de/uploads/tx_lotuscontent/Topflappen-li.jpg]
[lotusgrill.de/uploads/tx_lotuscontent/Topflappen-or.jpg]
[lotusgrill.de/uploads/tx_lotuscontent/Topflappen-ro.jpg]
[lotusgrill.de/uploads/tx_lotuscontent/Topflappen_r_bl.jpg]
[lotusgrill.de/uploads/tx_lotuscontent/Topflappen-e-an.jpg]
[lotusgrill.de/uploads/tx_lotuscontent/Topflappen-e-ge.jpg]
[lotusgrill.de/typo3temp/_processed_/csm_Topflappen-e-ge_cac9b2cb49.jpg]
[lotusgrill.de/uploads/tx_lotuscontent/Topflappen-e-gr.jpg]
[lotusgrill.de/typo3temp/_processed_/csm_Topflappen-e-gr_55822fd920.jpg]
[lotusgrill.de/uploads/tx_lotuscontent/Topflappen-e-li.jpg]
[lotusgrill.de/typo3temp/_processed_/csm_Topflappen-e-li_815676349b.jpg]
[lotusgrill.de/uploads/tx_lotuscontent/Topflappen-e-or.jpg]
[lotusgrill.de/typo3temp/_processed_/csm_Topflappen-e-or_87edbd71c9.jpg]
[lotusgrill.de/uploads/tx_lotuscontent/Topflappen-e-ro.jpg]
[lotusgrill.de/typo3temp/_processed_/csm_Topflappen-e-ro_57fe329817.jpg]
[lotusgrill.de/uploads/tx_lotuscontent/Topflappen-e-bl.jpg]
[lotusgrill.de/typo3temp/_processed_/csm_Topflappen-e-bl_8e45b10c2c.jpg]
[lotusgrill.de/uploads/tx_lotuscontent/LG_GZ_AN_33_01x.jpg]
[lotusgrill.de/uploads/tx_lotuscontent/LG_GZ_RO_33_01x.jpg]
[lotusgrill.de/uploads/tx_lotuscontent/BBQ_Tong_bl.jpg]
[lotusgrill.de/uploads/tx_lotuscontent/Pinsel-LG_P_AN_22.jpg]
[lotusgrill.de/uploads/tx_lotuscontent/Pinsel-LG_P_GE_22.jpg]
[lotusgrill.de/uploads/tx_lotuscontent/Pinsel-LG_P_GR_22.jpg]
[lotusgrill.de/uploads/tx_lotuscontent/PinselLG_P_LI_22.jpg]
[lotusgrill.de/uploads/tx_lotuscontent/Pinsel-LG_P_RO_22.jpg]
[lotusgrill.de/uploads/tx_lotuscontent/PinselLG_P_OR_22.jpg]
[lotusgrill.de/uploads/tx_lotuscontent/Pinsel-LG_blau.jpg]
[lotusgrill.de/uploads/tx_lotuscontent/Tragetasche.jpg]
[lotusgrill.de/uploads/tx_lotuscontent/TragetascheXL.jpg]
[lotusgrill.de/uploads/tx_lotuscontent/Grillrost.jpg]
[lotusgrill.de/uploads/tx_lotuscontent/Grillrost-XL.jpg]
[lotusgrill.de/uploads/tx_lotuscontent/Ignitionplatte-XL.jpg]
[lotusgrill.de/fileadmin/user_content/Lotusgrill_xxl.jpg]
[lotusgrill.de/fileadmin/user_content/Grosshandel.jpg]
[lotusgrill.de/fileadmin/user_content/Impressum.jpg]
